Build started 2022/5/31 15:43:51.
     1>Project "C:\WorkSpace\vs_workspace\CEVA_APP\CEVA_APP\CEVA_APP.vcxproj" on node 2 (Rebuild target(s)).
     1>ClCompile:
         C:\Program Files (x86)\Microsoft Visual Studio 12.0\VC\bin\CL.exe /c /I"C:\CEVA-XM6_SW\CDNN_XM6_NPRS_v20.3.0\3rdparty\OpenCV\v3.0.0\build\include" /I"C:\CEVA-XM6_SW\CDNN_XM6_NPRS_v20.3.0\Installs\install_generic\include" /I"C:\CEVA-XM6_SW\CDNN_XM6_NPRS_v20.3.0\Installs\install_generic\Accelerators\Common" /I"C:\CEVA-XM6_SW\CDNN_XM6_NPRS_v20.3.0\Installs\install_generic\Accelerators\NeuProS\NeuProSDriver\include" /I"C:\CEVA-XM6_SW\CDNN_XM6_NPRS_v20.3.0\CDNN\FASTsim\CDNNInterface\External" /IC:\WorkSpace\vs_workspace\sdnn_test\ci_test\src /Zi /nologo /W3 /WX- /sdl /O2 /Oi /Oy- /GL /D WIN32 /D NDEBUG /D _CONSOLE /D _LIB /D _CRT_SECURE_NO_WARNINGS /D _UNICODE /D UNICODE /Gm- /EHsc /MD /GS /Gy /fp:precise /Zc:wchar_t /Zc:forScope /Fo"Release\\" /Fd"Release\vc120.pdb" /Gd /TC /analyze- /errorReport:prompt ..\..\sdnn_test\ci_test\src\3rdparty\cJSON\cJSON.c
         cJSON.c
         C:\Program Files (x86)\Microsoft Visual Studio 12.0\VC\bin\CL.exe /c /I"C:\CEVA-XM6_SW\CDNN_XM6_NPRS_v20.3.0\3rdparty\OpenCV\v3.0.0\build\include" /I"C:\CEVA-XM6_SW\CDNN_XM6_NPRS_v20.3.0\Installs\install_generic\include" /I"C:\CEVA-XM6_SW\CDNN_XM6_NPRS_v20.3.0\Installs\install_generic\Accelerators\Common" /I"C:\CEVA-XM6_SW\CDNN_XM6_NPRS_v20.3.0\Installs\install_generic\Accelerators\NeuProS\NeuProSDriver\include" /I"C:\CEVA-XM6_SW\CDNN_XM6_NPRS_v20.3.0\CDNN\FASTsim\CDNNInterface\External" /IC:\WorkSpace\vs_workspace\sdnn_test\ci_test\src /Zi /nologo /W3 /WX- /sdl /O2 /Oi /Oy- /GL /D WIN32 /D NDEBUG /D _CONSOLE /D _LIB /D _CRT_SECURE_NO_WARNINGS /D _UNICODE /D UNICODE /Gm- /EHsc /MD /GS /Gy /fp:precise /Zc:wchar_t /Zc:forScope /Fo"Release\\" /Fd"Release\vc120.pdb" /Gd /TP /analyze- /errorReport:prompt ..\..\sdnn_test\ci_test\src\main\ceva_test.cc ..\..\sdnn_test\ci_test\src\models\ceva_classification_model.cc ..\..\sdnn_test\ci_test\src\models\ceva_model_base.cc ..\..\sdnn_test\ci_test\src\utils\file_io.cc ..\..\sdnn_test\ci_test\src\utils\json_io.cc
         ceva_test.cc
     1>C:\CEVA-XM6_SW\CDNN_XM6_NPRS_v20.3.0\3rdparty\OpenCV\v3.0.0\build\include\opencv2/core/mat.hpp(1965): warning C4819: The file contains a character that cannot be represented in the current code page (936). Save the file in Unicode format to prevent data loss
     1>C:\CEVA-XM6_SW\CDNN_XM6_NPRS_v20.3.0\3rdparty\OpenCV\v3.0.0\build\include\opencv2/core/persistence.hpp : warning C4819: The file contains a character that cannot be represented in the current code page (936). Save the file in Unicode format to prevent data loss
     1>C:\CEVA-XM6_SW\CDNN_XM6_NPRS_v20.3.0\3rdparty\OpenCV\v3.0.0\build\include\opencv2/core/utility.hpp : warning C4819: The file contains a character that cannot be represented in the current code page (936). Save the file in Unicode format to prevent data loss
         ceva_classification_model.cc
     1>C:\CEVA-XM6_SW\CDNN_XM6_NPRS_v20.3.0\3rdparty\OpenCV\v3.0.0\build\include\opencv2/core/mat.hpp(1965): warning C4819: The file contains a character that cannot be represented in the current code page (936). Save the file in Unicode format to prevent data loss
     1>C:\CEVA-XM6_SW\CDNN_XM6_NPRS_v20.3.0\3rdparty\OpenCV\v3.0.0\build\include\opencv2/core/persistence.hpp : warning C4819: The file contains a character that cannot be represented in the current code page (936). Save the file in Unicode format to prevent data loss
     1>C:\CEVA-XM6_SW\CDNN_XM6_NPRS_v20.3.0\3rdparty\OpenCV\v3.0.0\build\include\opencv2/core/utility.hpp : warning C4819: The file contains a character that cannot be represented in the current code page (936). Save the file in Unicode format to prevent data loss
         ceva_model_base.cc
     1>C:\CEVA-XM6_SW\CDNN_XM6_NPRS_v20.3.0\3rdparty\OpenCV\v3.0.0\build\include\opencv2/core/mat.hpp(1965): warning C4819: The file contains a character that cannot be represented in the current code page (936). Save the file in Unicode format to prevent data loss
     1>C:\CEVA-XM6_SW\CDNN_XM6_NPRS_v20.3.0\3rdparty\OpenCV\v3.0.0\build\include\opencv2/core/persistence.hpp : warning C4819: The file contains a character that cannot be represented in the current code page (936). Save the file in Unicode format to prevent data loss
     1>C:\CEVA-XM6_SW\CDNN_XM6_NPRS_v20.3.0\3rdparty\OpenCV\v3.0.0\build\include\opencv2/core/utility.hpp : warning C4819: The file contains a character that cannot be represented in the current code page (936). Save the file in Unicode format to prevent data loss
     1>..\..\sdnn_test\ci_test\src\models\ceva_model_base.cc(9): warning C4005: '_CRT_SECURE_NO_WARNINGS' : macro redefinition
                 command-line arguments :  see previous definition of '_CRT_SECURE_NO_WARNINGS'
         file_io.cc
     1>..\..\sdnn_test\ci_test\src\utils\file_io.cc(93): warning C4244: 'initializing' : conversion from 'std::streamoff' to 'int', possible loss of data
         json_io.cc
     1>C:\CEVA-XM6_SW\CDNN_XM6_NPRS_v20.3.0\3rdparty\OpenCV\v3.0.0\build\include\opencv2/core/mat.hpp(1965): warning C4819: The file contains a character that cannot be represented in the current code page (936). Save the file in Unicode format to prevent data loss
     1>C:\CEVA-XM6_SW\CDNN_XM6_NPRS_v20.3.0\3rdparty\OpenCV\v3.0.0\build\include\opencv2/core/persistence.hpp : warning C4819: The file contains a character that cannot be represented in the current code page (936). Save the file in Unicode format to prevent data loss
     1>C:\CEVA-XM6_SW\CDNN_XM6_NPRS_v20.3.0\3rdparty\OpenCV\v3.0.0\build\include\opencv2/core/utility.hpp : warning C4819: The file contains a character that cannot be represented in the current code page (936). Save the file in Unicode format to prevent data loss
       Link:
         C:\Program Files (x86)\Microsoft Visual Studio 12.0\VC\bin\link.exe /ERRORREPORT:PROMPT /OUT:"C:\WorkSpace\vs_workspace\CEVA_APP\Release\CEVA_APP.exe" /INCREMENTAL:NO /NOLOGO /LIBPATH:"C:\CEVA-XM6_SW\CDNN_XM6_NPRS_v20.3.0\3rdparty\OpenCV\v3.0.0\build\x86\vc12\lib" /LIBPATH:"C:\CEVA-XM6_SW\CDNN_XM6_NPRS_v20.3.0\CDNN\FASTsim\CDNNBin\Lib\Win32\Release" /LIBPATH:"C:\CEVA-XM6_SW\CDNN_XM6_NPRS_v20.3.0\Installs\install_generic\lib\Win32" /LIBPATH:"C:\CEVA-XM6_SW\CDNN_XM6_NPRS_v20.3.0\Installs\install_generic\Accelerators\NeuProS\NeuProSDriver\lib\Win32" opencv_world300.lib opencv_world300d.lib CDNNManager.lib CDNNTarget.lib CDNNKernelModuleCommon.lib CDNNDevice.lib libjpeg.lib CDNNInfrastructure.lib CDNNUtility.lib platform_mgr.lib CNNNeuProRuntime.lib kernel32.lib user32.lib gdi32.lib winspool.lib comdlg32.lib advapi32.lib shell32.lib ole32.lib oleaut32.lib uuid.lib odbc32.lib odbccp32.lib /MANIFEST /MANIFESTUAC:"level='asInvoker' uiAccess='false'" /manifest:embed /DEBUG /PDB:"C:\WorkSpace\vs_workspace\CEVA_APP\Release\CEVA_APP.pdb" /SUBSYSTEM:CONSOLE /OPT:REF /OPT:ICF /LTCG /TLBID:1 /DYNAMICBASE /NXCOMPAT /IMPLIB:"C:\WorkSpace\vs_workspace\CEVA_APP\Release\CEVA_APP.lib" /MACHINE:X86 /SAFESEH Release\cJSON.obj
         Release\ceva_test.obj
         Release\ceva_classification_model.obj
         Release\ceva_model_base.obj
         Release\file_io.obj
         Release\json_io.obj
            Creating library C:\WorkSpace\vs_workspace\CEVA_APP\Release\CEVA_APP.lib and object C:\WorkSpace\vs_workspace\CEVA_APP\Release\CEVA_APP.exp
         Generating code
         Finished generating code
     1>CDNNManager.lib(CDNNUserInterface.obj) : warning LNK4099: PDB 'vc120.pdb' was not found with 'CDNNManager.lib(CDNNUserInterface.obj)' or at 'C:\WorkSpace\vs_workspace\CEVA_APP\Release\vc120.pdb'; linking object as if no debug info
     1>CDNNManager.lib(CDNNManager.obj) : warning LNK4099: PDB 'vc120.pdb' was not found with 'CDNNManager.lib(CDNNManager.obj)' or at 'C:\WorkSpace\vs_workspace\CEVA_APP\Release\vc120.pdb'; linking object as if no debug info
     1>CDNNManager.lib(CDNNInviteLicense.obj) : warning LNK4099: PDB 'vc120.pdb' was not found with 'CDNNManager.lib(CDNNInviteLicense.obj)' or at 'C:\WorkSpace\vs_workspace\CEVA_APP\Release\vc120.pdb'; linking object as if no debug info
     1>CDNNTarget.lib(CDNNTarget.obj) : warning LNK4099: PDB 'vc120.pdb' was not found with 'CDNNTarget.lib(CDNNTarget.obj)' or at 'C:\WorkSpace\vs_workspace\CEVA_APP\Release\vc120.pdb'; linking object as if no debug info
     1>CDNNTarget.lib(CDNNProfiler.obj) : warning LNK4099: PDB 'vc120.pdb' was not found with 'CDNNTarget.lib(CDNNProfiler.obj)' or at 'C:\WorkSpace\vs_workspace\CEVA_APP\Release\vc120.pdb'; linking object as if no debug info
     1>CDNNTarget.lib(RNNLayer.obj) : warning LNK4099: PDB 'vc120.pdb' was not found with 'CDNNTarget.lib(RNNLayer.obj)' or at 'C:\WorkSpace\vs_workspace\CEVA_APP\Release\vc120.pdb'; linking object as if no debug info
     1>CDNNTarget.lib(ResizeLayer.obj) : warning LNK4099: PDB 'vc120.pdb' was not found with 'CDNNTarget.lib(ResizeLayer.obj)' or at 'C:\WorkSpace\vs_workspace\CEVA_APP\Release\vc120.pdb'; linking object as if no debug info
     1>CDNNTarget.lib(InputLayer.obj) : warning LNK4099: PDB 'vc120.pdb' was not found with 'CDNNTarget.lib(InputLayer.obj)' or at 'C:\WorkSpace\vs_workspace\CEVA_APP\Release\vc120.pdb'; linking object as if no debug info
     1>CDNNTarget.lib(ROIPoolingLayer.obj) : warning LNK4099: PDB 'vc120.pdb' was not found with 'CDNNTarget.lib(ROIPoolingLayer.obj)' or at 'C:\WorkSpace\vs_workspace\CEVA_APP\Release\vc120.pdb'; linking object as if no debug info
     1>CDNNTarget.lib(CNNHAGenericLayer.obj) : warning LNK4099: PDB 'vc120.pdb' was not found with 'CDNNTarget.lib(CNNHAGenericLayer.obj)' or at 'C:\WorkSpace\vs_workspace\CEVA_APP\Release\vc120.pdb'; linking object as if no debug info
     1>CDNNTarget.lib(DetectionOutputLayer.obj) : warning LNK4099: PDB 'vc120.pdb' was not found with 'CDNNTarget.lib(DetectionOutputLayer.obj)' or at 'C:\WorkSpace\vs_workspace\CEVA_APP\Release\vc120.pdb'; linking object as if no debug info
     1>CDNNTarget.lib(CNNHAConvLayer.obj) : warning LNK4099: PDB 'vc120.pdb' was not found with 'CDNNTarget.lib(CNNHAConvLayer.obj)' or at 'C:\WorkSpace\vs_workspace\CEVA_APP\Release\vc120.pdb'; linking object as if no debug info
     1>CDNNTarget.lib(ConcatLayer.obj) : warning LNK4099: PDB 'vc120.pdb' was not found with 'CDNNTarget.lib(ConcatLayer.obj)' or at 'C:\WorkSpace\vs_workspace\CEVA_APP\Release\vc120.pdb'; linking object as if no debug info
     1>CDNNTarget.lib(UpsampleLayer.obj) : warning LNK4099: PDB 'vc120.pdb' was not found with 'CDNNTarget.lib(UpsampleLayer.obj)' or at 'C:\WorkSpace\vs_workspace\CEVA_APP\Release\vc120.pdb'; linking object as if no debug info
     1>CDNNTarget.lib(CNNHAConcatLayer.obj) : warning LNK4099: PDB 'vc120.pdb' was not found with 'CDNNTarget.lib(CNNHAConcatLayer.obj)' or at 'C:\WorkSpace\vs_workspace\CEVA_APP\Release\vc120.pdb'; linking object as if no debug info
     1>CDNNTarget.lib(GatherV2Layer.obj) : warning LNK4099: PDB 'vc120.pdb' was not found with 'CDNNTarget.lib(GatherV2Layer.obj)' or at 'C:\WorkSpace\vs_workspace\CEVA_APP\Release\vc120.pdb'; linking object as if no debug info
     1>CDNNTarget.lib(PoolLayer.obj) : warning LNK4099: PDB 'vc120.pdb' was not found with 'CDNNTarget.lib(PoolLayer.obj)' or at 'C:\WorkSpace\vs_workspace\CEVA_APP\Release\vc120.pdb'; linking object as if no debug info
     1>CDNNTarget.lib(FlatLayer.obj) : warning LNK4099: PDB 'vc120.pdb' was not found with 'CDNNTarget.lib(FlatLayer.obj)' or at 'C:\WorkSpace\vs_workspace\CEVA_APP\Release\vc120.pdb'; linking object as if no debug info
     1>CDNNTarget.lib(FullyConnectedLayer.obj) : warning LNK4099: PDB 'vc120.pdb' was not found with 'CDNNTarget.lib(FullyConnectedLayer.obj)' or at 'C:\WorkSpace\vs_workspace\CEVA_APP\Release\vc120.pdb'; linking object as if no debug info
     1>CDNNTarget.lib(ConvLayer.obj) : warning LNK4099: PDB 'vc120.pdb' was not found with 'CDNNTarget.lib(ConvLayer.obj)' or at 'C:\WorkSpace\vs_workspace\CEVA_APP\Release\vc120.pdb'; linking object as if no debug info
     1>CDNNTarget.lib(ReshapeLayer.obj) : warning LNK4099: PDB 'vc120.pdb' was not found with 'CDNNTarget.lib(ReshapeLayer.obj)' or at 'C:\WorkSpace\vs_workspace\CEVA_APP\Release\vc120.pdb'; linking object as if no debug info
     1>CDNNTarget.lib(CustomLayer.obj) : warning LNK4099: PDB 'vc120.pdb' was not found with 'CDNNTarget.lib(CustomLayer.obj)' or at 'C:\WorkSpace\vs_workspace\CEVA_APP\Release\vc120.pdb'; linking object as if no debug info
     1>CDNNTarget.lib(PriorBoxLayer.obj) : warning LNK4099: PDB 'vc120.pdb' was not found with 'CDNNTarget.lib(PriorBoxLayer.obj)' or at 'C:\WorkSpace\vs_workspace\CEVA_APP\Release\vc120.pdb'; linking object as if no debug info
     1>CDNNTarget.lib(SliceLayer.obj) : warning LNK4099: PDB 'vc120.pdb' was not found with 'CDNNTarget.lib(SliceLayer.obj)' or at 'C:\WorkSpace\vs_workspace\CEVA_APP\Release\vc120.pdb'; linking object as if no debug info
     1>CDNNTarget.lib(ProposalLayer.obj) : warning LNK4099: PDB 'vc120.pdb' was not found with 'CDNNTarget.lib(ProposalLayer.obj)' or at 'C:\WorkSpace\vs_workspace\CEVA_APP\Release\vc120.pdb'; linking object as if no debug info
     1>CDNNTarget.lib(NormLayer.obj) : warning LNK4099: PDB 'vc120.pdb' was not found with 'CDNNTarget.lib(NormLayer.obj)' or at 'C:\WorkSpace\vs_workspace\CEVA_APP\Release\vc120.pdb'; linking object as if no debug info
     1>CDNNTarget.lib(LocalChannelOperationLayer.obj) : warning LNK4099: PDB 'vc120.pdb' was not found with 'CDNNTarget.lib(LocalChannelOperationLayer.obj)' or at 'C:\WorkSpace\vs_workspace\CEVA_APP\Release\vc120.pdb'; linking object as if no debug info
     1>CDNNTarget.lib(CrossChannelOperationLayer.obj) : warning LNK4099: PDB 'vc120.pdb' was not found with 'CDNNTarget.lib(CrossChannelOperationLayer.obj)' or at 'C:\WorkSpace\vs_workspace\CEVA_APP\Release\vc120.pdb'; linking object as if no debug info
     1>CDNNTarget.lib(CNNHAEltwiseLayer.obj) : warning LNK4099: PDB 'vc120.pdb' was not found with 'CDNNTarget.lib(CNNHAEltwiseLayer.obj)' or at 'C:\WorkSpace\vs_workspace\CEVA_APP\Release\vc120.pdb'; linking object as if no debug info
     1>CDNNTarget.lib(TransformLayer.obj) : warning LNK4099: PDB 'vc120.pdb' was not found with 'CDNNTarget.lib(TransformLayer.obj)' or at 'C:\WorkSpace\vs_workspace\CEVA_APP\Release\vc120.pdb'; linking object as if no debug info
     1>CDNNTarget.lib(DropoutLayer.obj) : warning LNK4099: PDB 'vc120.pdb' was not found with 'CDNNTarget.lib(DropoutLayer.obj)' or at 'C:\WorkSpace\vs_workspace\CEVA_APP\Release\vc120.pdb'; linking object as if no debug info
     1>CDNNTarget.lib(ShuffleChannelLayercpp.obj) : warning LNK4099: PDB 'vc120.pdb' was not found with 'CDNNTarget.lib(ShuffleChannelLayercpp.obj)' or at 'C:\WorkSpace\vs_workspace\CEVA_APP\Release\vc120.pdb'; linking object as if no debug info
     1>CDNNTarget.lib(EltwiseLayer.obj) : warning LNK4099: PDB 'vc120.pdb' was not found with 'CDNNTarget.lib(EltwiseLayer.obj)' or at 'C:\WorkSpace\vs_workspace\CEVA_APP\Release\vc120.pdb'; linking object as if no debug info
     1>CDNNTarget.lib(MathGlobalMemory.obj) : warning LNK4099: PDB 'vc120.pdb' was not found with 'CDNNTarget.lib(MathGlobalMemory.obj)' or at 'C:\WorkSpace\vs_workspace\CEVA_APP\Release\vc120.pdb'; linking object as if no debug info
     1>CDNNKernelModuleCommon.lib(CDNNKernelTables.obj) : warning LNK4099: PDB 'vc120.pdb' was not found with 'CDNNKernelModuleCommon.lib(CDNNKernelTables.obj)' or at 'C:\WorkSpace\vs_workspace\CEVA_APP\Release\vc120.pdb'; linking object as if no debug info
     1>CDNNDevice.lib(CDNNDevice.obj) : warning LNK4099: PDB 'vc120.pdb' was not found with 'CDNNDevice.lib(CDNNDevice.obj)' or at 'C:\WorkSpace\vs_workspace\CEVA_APP\Release\vc120.pdb'; linking object as if no debug info
     1>CDNNDevice.lib(CDNNNodeDatabase.obj) : warning LNK4099: PDB 'vc120.pdb' was not found with 'CDNNDevice.lib(CDNNNodeDatabase.obj)' or at 'C:\WorkSpace\vs_workspace\CEVA_APP\Release\vc120.pdb'; linking object as if no debug info
     1>CDNNDevice.lib(CDNNDeviceLayerDatabase.obj) : warning LNK4099: PDB 'vc120.pdb' was not found with 'CDNNDevice.lib(CDNNDeviceLayerDatabase.obj)' or at 'C:\WorkSpace\vs_workspace\CEVA_APP\Release\vc120.pdb'; linking object as if no debug info
     1>CDNNDevice.lib(CDNNDeviceOperationDatabase.obj) : warning LNK4099: PDB 'vc120.pdb' was not found with 'CDNNDevice.lib(CDNNDeviceOperationDatabase.obj)' or at 'C:\WorkSpace\vs_workspace\CEVA_APP\Release\vc120.pdb'; linking object as if no debug info
     1>CDNNInfrastructure.lib(CDNNDebugger.obj) : warning LNK4099: PDB 'vc120.pdb' was not found with 'CDNNInfrastructure.lib(CDNNDebugger.obj)' or at 'C:\WorkSpace\vs_workspace\CEVA_APP\Release\vc120.pdb'; linking object as if no debug info
     1>CDNNInfrastructure.lib(CDNNQuantizationInfo.obj) : warning LNK4099: PDB 'vc120.pdb' was not found with 'CDNNInfrastructure.lib(CDNNQuantizationInfo.obj)' or at 'C:\WorkSpace\vs_workspace\CEVA_APP\Release\vc120.pdb'; linking object as if no debug info
     1>CDNNInfrastructure.lib(CDNNNetwork.obj) : warning LNK4099: PDB 'vc120.pdb' was not found with 'CDNNInfrastructure.lib(CDNNNetwork.obj)' or at 'C:\WorkSpace\vs_workspace\CEVA_APP\Release\vc120.pdb'; linking object as if no debug info
     1>CDNNInfrastructure.lib(CDNNDimension.obj) : warning LNK4099: PDB 'vc120.pdb' was not found with 'CDNNInfrastructure.lib(CDNNDimension.obj)' or at 'C:\WorkSpace\vs_workspace\CEVA_APP\Release\vc120.pdb'; linking object as if no debug info
     1>CDNNInfrastructure.lib(CDNNMemory.obj) : warning LNK4099: PDB 'vc120.pdb' was not found with 'CDNNInfrastructure.lib(CDNNMemory.obj)' or at 'C:\WorkSpace\vs_workspace\CEVA_APP\Release\vc120.pdb'; linking object as if no debug info
     1>CDNNInfrastructure.lib(CDNNCommon.obj) : warning LNK4099: PDB 'vc120.pdb' was not found with 'CDNNInfrastructure.lib(CDNNCommon.obj)' or at 'C:\WorkSpace\vs_workspace\CEVA_APP\Release\vc120.pdb'; linking object as if no debug info
     1>CDNNInfrastructure.lib(CDNNSubNetwork.obj) : warning LNK4099: PDB 'vc120.pdb' was not found with 'CDNNInfrastructure.lib(CDNNSubNetwork.obj)' or at 'C:\WorkSpace\vs_workspace\CEVA_APP\Release\vc120.pdb'; linking object as if no debug info
     1>CDNNInfrastructure.lib(CDNNNetworkAllocations.obj) : warning LNK4099: PDB 'vc120.pdb' was not found with 'CDNNInfrastructure.lib(CDNNNetworkAllocations.obj)' or at 'C:\WorkSpace\vs_workspace\CEVA_APP\Release\vc120.pdb'; linking object as if no debug info
     1>CDNNInfrastructure.lib(CDNNPerformance.obj) : warning LNK4099: PDB 'vc120.pdb' was not found with 'CDNNInfrastructure.lib(CDNNPerformance.obj)' or at 'C:\WorkSpace\vs_workspace\CEVA_APP\Release\vc120.pdb'; linking object as if no debug info
     1>CDNNInfrastructure.lib(CDNNSubNetworkCluster.obj) : warning LNK4099: PDB 'vc120.pdb' was not found with 'CDNNInfrastructure.lib(CDNNSubNetworkCluster.obj)' or at 'C:\WorkSpace\vs_workspace\CEVA_APP\Release\vc120.pdb'; linking object as if no debug info
     1>CDNNInfrastructure.lib(CDNNBuffer.obj) : warning LNK4099: PDB 'vc120.pdb' was not found with 'CDNNInfrastructure.lib(CDNNBuffer.obj)' or at 'C:\WorkSpace\vs_workspace\CEVA_APP\Release\vc120.pdb'; linking object as if no debug info
     1>CDNNInfrastructure.lib(CDNNReference.obj) : warning LNK4099: PDB 'vc120.pdb' was not found with 'CDNNInfrastructure.lib(CDNNReference.obj)' or at 'C:\WorkSpace\vs_workspace\CEVA_APP\Release\vc120.pdb'; linking object as if no debug info
     1>CDNNInfrastructure.lib(CDNNLayer.obj) : warning LNK4099: PDB 'vc120.pdb' was not found with 'CDNNInfrastructure.lib(CDNNLayer.obj)' or at 'C:\WorkSpace\vs_workspace\CEVA_APP\Release\vc120.pdb'; linking object as if no debug info
     1>CDNNInfrastructure.lib(CDNNTile.obj) : warning LNK4099: PDB 'vc120.pdb' was not found with 'CDNNInfrastructure.lib(CDNNTile.obj)' or at 'C:\WorkSpace\vs_workspace\CEVA_APP\Release\vc120.pdb'; linking object as if no debug info
     1>CDNNInfrastructure.lib(CDNNIOperation.obj) : warning LNK4099: PDB 'vc120.pdb' was not found with 'CDNNInfrastructure.lib(CDNNIOperation.obj)' or at 'C:\WorkSpace\vs_workspace\CEVA_APP\Release\vc120.pdb'; linking object as if no debug info
     1>CDNNInfrastructure.lib(CDNNArray.obj) : warning LNK4099: PDB 'vc120.pdb' was not found with 'CDNNInfrastructure.lib(CDNNArray.obj)' or at 'C:\WorkSpace\vs_workspace\CEVA_APP\Release\vc120.pdb'; linking object as if no debug info
     1>CDNNInfrastructure.lib(CDNNIBuffer.obj) : warning LNK4099: PDB 'vc120.pdb' was not found with 'CDNNInfrastructure.lib(CDNNIBuffer.obj)' or at 'C:\WorkSpace\vs_workspace\CEVA_APP\Release\vc120.pdb'; linking object as if no debug info
     1>CDNNInfrastructure.lib(CDNNITile.obj) : warning LNK4099: PDB 'vc120.pdb' was not found with 'CDNNInfrastructure.lib(CDNNITile.obj)' or at 'C:\WorkSpace\vs_workspace\CEVA_APP\Release\vc120.pdb'; linking object as if no debug info
         CEVA_APP.vcxproj -> C:\WorkSpace\vs_workspace\CEVA_APP\Release\CEVA_APP.exe
     1>Done Building Project "C:\WorkSpace\vs_workspace\CEVA_APP\CEVA_APP\CEVA_APP.vcxproj" (Rebuild target(s)).

Build succeeded.

Time Elapsed 00:00:13.79
